<?xml version="1.0" encoding="UTF-8"?>
<!-- Generated by org.testng.reporters.JUnitReportReporter -->
<testsuite hostname="Mira-PC" name="com.example.tests.ContactCreationTest" tests="2" failures="0" timestamp="23 Nov 2014 20:44:10 GMT" time="16.297" errors="2">
  <testcase name="testNonEmptyContactCreation" time="3.045" classname="com.example.tests.ContactCreationTest">
    <error type="java.lang.AssertionError" message="
Expected: &lt;[ContactData [id=88, firstName=, lastName=testName-1002704647ebuuaiwmrcklhnhyconc, email1=yw@nkg79azpg8bndkbqd35.2p], ContactData [id=91, firstName=, lastName=testName-1483543042amurymxynwnudcupcdgc, email1=b3252ydrwdfozf@lifc1oz.3q], ContactData [id=93, firstName=, lastName=testName-1483543042amurymxynwnudcupcdgc, email1=b3252ydrwdfozf@lifc1oz.3q], ContactData [id=96, firstName=, lastName=testName-1483543042amurymxynwnudcupcdgc, email1=b3252ydrwdfozf@lifc1oz.3q], ContactData [id=97, firstName=, lastName=testName-1483543042amurymxynwnudcupcdgc, email1=b3252ydrwdfozf@lifc1oz.3q], ContactData [id=99, firstName=, lastName=testName-1483543042amurymxynwnudcupcdgc, email1=b3252ydrwdfozf@lifc1oz.3q], ContactData [id=null, firstName=, lastName=testName-1483543042amurymxynwnudcupcdgc, email1=b3252ydrwdfozf@lifc1oz.3q], ContactData [id=89, firstName=testName-662863044yeekpxgexyrjrzxbqayy, lastName=testName-1734990798vgdukqikozqlevtgkkki, email1=v8n@x4mmp537dnkdgbrsjs.3y], ContactData [id=90, firstName=testName-662863044yeekpxgexyrjrzxbqayy, lastName=testName-1734990798vgdukqikozqlevtgkkki, email1=v8n@x4mmp537dnkdgbrsjs.3y], ContactData [id=92, firstName=testName-662863044yeekpxgexyrjrzxbqayy, lastName=testName-1734990798vgdukqikozqlevtgkkki, email1=v8n@x4mmp537dnkdgbrsjs.3y], ContactData [id=94, firstName=testName-662863044yeekpxgexyrjrzxbqayy, lastName=testName-1734990798vgdukqikozqlevtgkkki, email1=v8n@x4mmp537dnkdgbrsjs.3y], ContactData [id=95, firstName=testName-662863044yeekpxgexyrjrzxbqayy, lastName=testName-1734990798vgdukqikozqlevtgkkki, email1=v8n@x4mmp537dnkdgbrsjs.3y], ContactData [id=98, firstName=testName-662863044yeekpxgexyrjrzxbqayy, lastName=testName-1734990798vgdukqikozqlevtgkkki, email1=v8n@x4mmp537dnkdgbrsjs.3y], ContactData [id=100, firstName=testName-662863044yeekpxgexyrjrzxbqayy, lastName=testName-1734990798vgdukqikozqlevtgkkki, email1=v8n@x4mmp537dnkdgbrsjs.3y], ContactData [id=86, firstName=testName1513875977fhsglxxiwlnvcrrnwpwd, lastName=testName1133716067syjvpmboptmgxnfamfkw, email1=59wm0nc5@h1bt0z2reg8q4.ii], ContactData [id=87, firstName=testName1904302567lcxrcckkyzigikuemqix, lastName=, email1=43ujfbuwx3qbtbo@gz5phv.k1]]&gt;
     but: was &lt;[ContactData [id=null, firstName=, lastName=testName1904302567lcxrcckkyzigikuemqix, email1=null], ContactData [id=null, firstName=testName-1002704647ebuuaiwmrcklhnhyconc, lastName=, email1=null], ContactData [id=null, firstName=testName-1483543042amurymxynwnudcupcdgc, lastName=, email1=null], ContactData [id=null, firstName=testName-1483543042amurymxynwnudcupcdgc, lastName=, email1=null], ContactData [id=null, firstName=testName-1483543042amurymxynwnudcupcdgc, lastName=, email1=null], ContactData [id=null, firstName=testName-1483543042amurymxynwnudcupcdgc, lastName=, email1=null], ContactData [id=null, firstName=testName-1483543042amurymxynwnudcupcdgc, lastName=, email1=null], ContactData [id=null, firstName=testName-1483543042amurymxynwnudcupcdgc, lastName=, email1=null], ContactData [id=null, firstName=testName-1734990798vgdukqikozqlevtgkkki, lastName=testName-662863044yeekpxgexyrjrzxbqayy, email1=null], ContactData [id=null, firstName=testName-1734990798vgdukqikozqlevtgkkki, lastName=testName-662863044yeekpxgexyrjrzxbqayy, email1=null], ContactData [id=null, firstName=testName-1734990798vgdukqikozqlevtgkkki, lastName=testName-662863044yeekpxgexyrjrzxbqayy, email1=null], ContactData [id=null, firstName=testName-1734990798vgdukqikozqlevtgkkki, lastName=testName-662863044yeekpxgexyrjrzxbqayy, email1=null], ContactData [id=null, firstName=testName-1734990798vgdukqikozqlevtgkkki, lastName=testName-662863044yeekpxgexyrjrzxbqayy, email1=null], ContactData [id=null, firstName=testName-1734990798vgdukqikozqlevtgkkki, lastName=testName-662863044yeekpxgexyrjrzxbqayy, email1=null], ContactData [id=null, firstName=testName-1734990798vgdukqikozqlevtgkkki, lastName=testName-662863044yeekpxgexyrjrzxbqayy, email1=null], ContactData [id=null, firstName=testName1133716067syjvpmboptmgxnfamfkw, lastName=testName1513875977fhsglxxiwlnvcrrnwpwd, email1=null]]&gt;">
      <![CDATA[java.lang.AssertionError: 
Expected: <[ContactData [id=88, firstName=, lastName=testName-1002704647ebuuaiwmrcklhnhyconc, email1=yw@nkg79azpg8bndkbqd35.2p], ContactData [id=91, firstName=, lastName=testName-1483543042amurymxynwnudcupcdgc, email1=b3252ydrwdfozf@lifc1oz.3q], ContactData [id=93, firstName=, lastName=testName-1483543042amurymxynwnudcupcdgc, email1=b3252ydrwdfozf@lifc1oz.3q], ContactData [id=96, firstName=, lastName=testName-1483543042amurymxynwnudcupcdgc, email1=b3252ydrwdfozf@lifc1oz.3q], ContactData [id=97, firstName=, lastName=testName-1483543042amurymxynwnudcupcdgc, email1=b3252ydrwdfozf@lifc1oz.3q], ContactData [id=99, firstName=, lastName=testName-1483543042amurymxynwnudcupcdgc, email1=b3252ydrwdfozf@lifc1oz.3q], ContactData [id=null, firstName=, lastName=testName-1483543042amurymxynwnudcupcdgc, email1=b3252ydrwdfozf@lifc1oz.3q], ContactData [id=89, firstName=testName-662863044yeekpxgexyrjrzxbqayy, lastName=testName-1734990798vgdukqikozqlevtgkkki, email1=v8n@x4mmp537dnkdgbrsjs.3y], ContactData [id=90, firstName=testName-662863044yeekpxgexyrjrzxbqayy, lastName=testName-1734990798vgdukqikozqlevtgkkki, email1=v8n@x4mmp537dnkdgbrsjs.3y], ContactData [id=92, firstName=testName-662863044yeekpxgexyrjrzxbqayy, lastName=testName-1734990798vgdukqikozqlevtgkkki, email1=v8n@x4mmp537dnkdgbrsjs.3y], ContactData [id=94, firstName=testName-662863044yeekpxgexyrjrzxbqayy, lastName=testName-1734990798vgdukqikozqlevtgkkki, email1=v8n@x4mmp537dnkdgbrsjs.3y], ContactData [id=95, firstName=testName-662863044yeekpxgexyrjrzxbqayy, lastName=testName-1734990798vgdukqikozqlevtgkkki, email1=v8n@x4mmp537dnkdgbrsjs.3y], ContactData [id=98, firstName=testName-662863044yeekpxgexyrjrzxbqayy, lastName=testName-1734990798vgdukqikozqlevtgkkki, email1=v8n@x4mmp537dnkdgbrsjs.3y], ContactData [id=100, firstName=testName-662863044yeekpxgexyrjrzxbqayy, lastName=testName-1734990798vgdukqikozqlevtgkkki, email1=v8n@x4mmp537dnkdgbrsjs.3y], ContactData [id=86, firstName=testName1513875977fhsglxxiwlnvcrrnwpwd, lastName=testName1133716067syjvpmboptmgxnfamfkw, email1=59wm0nc5@h1bt0z2reg8q4.ii], ContactData [id=87, firstName=testName1904302567lcxrcckkyzigikuemqix, lastName=, email1=43ujfbuwx3qbtbo@gz5phv.k1]]]]><![CDATA[>
     but: was <[ContactData [id=null, firstName=, lastName=testName1904302567lcxrcckkyzigikuemqix, email1=null], ContactData [id=null, firstName=testName-1002704647ebuuaiwmrcklhnhyconc, lastName=, email1=null], ContactData [id=null, firstName=testName-1483543042amurymxynwnudcupcdgc, lastName=, email1=null], ContactData [id=null, firstName=testName-1483543042amurymxynwnudcupcdgc, lastName=, email1=null], ContactData [id=null, firstName=testName-1483543042amurymxynwnudcupcdgc, lastName=, email1=null], ContactData [id=null, firstName=testName-1483543042amurymxynwnudcupcdgc, lastName=, email1=null], ContactData [id=null, firstName=testName-1483543042amurymxynwnudcupcdgc, lastName=, email1=null], ContactData [id=null, firstName=testName-1483543042amurymxynwnudcupcdgc, lastName=, email1=null], ContactData [id=null, firstName=testName-1734990798vgdukqikozqlevtgkkki, lastName=testName-662863044yeekpxgexyrjrzxbqayy, email1=null], ContactData [id=null, firstName=testName-1734990798vgdukqikozqlevtgkkki, lastName=testName-662863044yeekpxgexyrjrzxbqayy, email1=null], ContactData [id=null, firstName=testName-1734990798vgdukqikozqlevtgkkki, lastName=testName-662863044yeekpxgexyrjrzxbqayy, email1=null], ContactData [id=null, firstName=testName-1734990798vgdukqikozqlevtgkkki, lastName=testName-662863044yeekpxgexyrjrzxbqayy, email1=null], ContactData [id=null, firstName=testName-1734990798vgdukqikozqlevtgkkki, lastName=testName-662863044yeekpxgexyrjrzxbqayy, email1=null], ContactData [id=null, firstName=testName-1734990798vgdukqikozqlevtgkkki, lastName=testName-662863044yeekpxgexyrjrzxbqayy, email1=null], ContactData [id=null, firstName=testName-1734990798vgdukqikozqlevtgkkki, lastName=testName-662863044yeekpxgexyrjrzxbqayy, email1=null], ContactData [id=null, firstName=testName1133716067syjvpmboptmgxnfamfkw, lastName=testName1513875977fhsglxxiwlnvcrrnwpwd, email1=null]]]]><![CDATA[>
	at org.hamcrest.MatcherAssert.assertThat(MatcherAssert.java:20)
	at org.junit.Assert.assertThat(Assert.java:865)
	at org.junit.Assert.assertThat(Assert.java:832)
	at com.example.tests.ContactCreationTest.testNonEmptyContactCreation(ContactCreationTest.java:37)
	at sun.reflect.NativeMethodAccessorImpl.invoke0(Native Method)
	at sun.reflect.NativeMethodAccessorImpl.invoke(Unknown Source)
	at sun.reflect.DelegatingMethodAccessorImpl.invoke(Unknown Source)
	at java.lang.reflect.Method.invoke(Unknown Source)
	at org.testng.internal.MethodInvocationHelper.invokeMethod(MethodInvocationHelper.java:84)
	at org.testng.internal.Invoker.invokeMethod(Invoker.java:714)
	at org.testng.internal.Invoker.invokeTestMethod(Invoker.java:901)
	at org.testng.internal.Invoker.invokeTestMethods(Invoker.java:1231)
	at org.testng.internal.TestMethodWorker.invokeTestMethods(TestMethodWorker.java:127)
	at org.testng.internal.TestMethodWorker.run(TestMethodWorker.java:111)
	at org.testng.TestRunner.privateRun(TestRunner.java:767)
	at org.testng.TestRunner.run(TestRunner.java:617)
	at org.testng.SuiteRunner.runTest(SuiteRunner.java:334)
	at org.testng.SuiteRunner.runSequentially(SuiteRunner.java:329)
	at org.testng.SuiteRunner.privateRun(SuiteRunner.java:291)
	at org.testng.SuiteRunner.run(SuiteRunner.java:240)
	at org.testng.SuiteRunnerWorker.runSuite(SuiteRunnerWorker.java:52)
	at org.testng.SuiteRunnerWorker.run(SuiteRunnerWorker.java:86)
	at org.testng.TestNG.runSuitesSequentially(TestNG.java:1224)
	at org.testng.TestNG.runSuitesLocally(TestNG.java:1149)
	at org.testng.TestNG.run(TestNG.java:1057)
	at org.testng.remote.RemoteTestNG.run(RemoteTestNG.java:111)
	at org.testng.remote.RemoteTestNG.initAndRun(RemoteTestNG.java:204)
	at org.testng.remote.RemoteTestNG.main(RemoteTestNG.java:175)
]]>
    </error>
  </testcase> <!-- testNonEmptyContactCreation -->
  <testcase name="testNonEmptyContactCreation" time="13.252" classname="com.example.tests.ContactCreationTest">
    <error type="java.lang.AssertionError" message="
Expected: &lt;[ContactData [id=88, firstName=, lastName=testName-1002704647ebuuaiwmrcklhnhyconc, email1=yw@nkg79azpg8bndkbqd35.2p], ContactData [id=91, firstName=, lastName=testName-1483543042amurymxynwnudcupcdgc, email1=b3252ydrwdfozf@lifc1oz.3q], ContactData [id=93, firstName=, lastName=testName-1483543042amurymxynwnudcupcdgc, email1=b3252ydrwdfozf@lifc1oz.3q], ContactData [id=96, firstName=, lastName=testName-1483543042amurymxynwnudcupcdgc, email1=b3252ydrwdfozf@lifc1oz.3q], ContactData [id=97, firstName=, lastName=testName-1483543042amurymxynwnudcupcdgc, email1=b3252ydrwdfozf@lifc1oz.3q], ContactData [id=99, firstName=, lastName=testName-1483543042amurymxynwnudcupcdgc, email1=b3252ydrwdfozf@lifc1oz.3q], ContactData [id=89, firstName=testName-662863044yeekpxgexyrjrzxbqayy, lastName=testName-1734990798vgdukqikozqlevtgkkki, email1=v8n@x4mmp537dnkdgbrsjs.3y], ContactData [id=90, firstName=testName-662863044yeekpxgexyrjrzxbqayy, lastName=testName-1734990798vgdukqikozqlevtgkkki, email1=v8n@x4mmp537dnkdgbrsjs.3y], ContactData [id=92, firstName=testName-662863044yeekpxgexyrjrzxbqayy, lastName=testName-1734990798vgdukqikozqlevtgkkki, email1=v8n@x4mmp537dnkdgbrsjs.3y], ContactData [id=94, firstName=testName-662863044yeekpxgexyrjrzxbqayy, lastName=testName-1734990798vgdukqikozqlevtgkkki, email1=v8n@x4mmp537dnkdgbrsjs.3y], ContactData [id=95, firstName=testName-662863044yeekpxgexyrjrzxbqayy, lastName=testName-1734990798vgdukqikozqlevtgkkki, email1=v8n@x4mmp537dnkdgbrsjs.3y], ContactData [id=98, firstName=testName-662863044yeekpxgexyrjrzxbqayy, lastName=testName-1734990798vgdukqikozqlevtgkkki, email1=v8n@x4mmp537dnkdgbrsjs.3y], ContactData [id=null, firstName=testName-662863044yeekpxgexyrjrzxbqayy, lastName=testName-1734990798vgdukqikozqlevtgkkki, email1=v8n@x4mmp537dnkdgbrsjs.3y], ContactData [id=86, firstName=testName1513875977fhsglxxiwlnvcrrnwpwd, lastName=testName1133716067syjvpmboptmgxnfamfkw, email1=59wm0nc5@h1bt0z2reg8q4.ii], ContactData [id=87, firstName=testName1904302567lcxrcckkyzigikuemqix, lastName=, email1=43ujfbuwx3qbtbo@gz5phv.k1]]&gt;
     but: was &lt;[ContactData [id=null, firstName=, lastName=testName1904302567lcxrcckkyzigikuemqix, email1=null], ContactData [id=null, firstName=testName-1002704647ebuuaiwmrcklhnhyconc, lastName=, email1=null], ContactData [id=null, firstName=testName-1483543042amurymxynwnudcupcdgc, lastName=, email1=null], ContactData [id=null, firstName=testName-1483543042amurymxynwnudcupcdgc, lastName=, email1=null], ContactData [id=null, firstName=testName-1483543042amurymxynwnudcupcdgc, lastName=, email1=null], ContactData [id=null, firstName=testName-1483543042amurymxynwnudcupcdgc, lastName=, email1=null], ContactData [id=null, firstName=testName-1483543042amurymxynwnudcupcdgc, lastName=, email1=null], ContactData [id=null, firstName=testName-1734990798vgdukqikozqlevtgkkki, lastName=testName-662863044yeekpxgexyrjrzxbqayy, email1=null], ContactData [id=null, firstName=testName-1734990798vgdukqikozqlevtgkkki, lastName=testName-662863044yeekpxgexyrjrzxbqayy, email1=null], ContactData [id=null, firstName=testName-1734990798vgdukqikozqlevtgkkki, lastName=testName-662863044yeekpxgexyrjrzxbqayy, email1=null], ContactData [id=null, firstName=testName-1734990798vgdukqikozqlevtgkkki, lastName=testName-662863044yeekpxgexyrjrzxbqayy, email1=null], ContactData [id=null, firstName=testName-1734990798vgdukqikozqlevtgkkki, lastName=testName-662863044yeekpxgexyrjrzxbqayy, email1=null], ContactData [id=null, firstName=testName-1734990798vgdukqikozqlevtgkkki, lastName=testName-662863044yeekpxgexyrjrzxbqayy, email1=null], ContactData [id=null, firstName=testName-1734990798vgdukqikozqlevtgkkki, lastName=testName-662863044yeekpxgexyrjrzxbqayy, email1=null], ContactData [id=null, firstName=testName1133716067syjvpmboptmgxnfamfkw, lastName=testName1513875977fhsglxxiwlnvcrrnwpwd, email1=null]]&gt;">
      <![CDATA[java.lang.AssertionError: 
Expected: <[ContactData [id=88, firstName=, lastName=testName-1002704647ebuuaiwmrcklhnhyconc, email1=yw@nkg79azpg8bndkbqd35.2p], ContactData [id=91, firstName=, lastName=testName-1483543042amurymxynwnudcupcdgc, email1=b3252ydrwdfozf@lifc1oz.3q], ContactData [id=93, firstName=, lastName=testName-1483543042amurymxynwnudcupcdgc, email1=b3252ydrwdfozf@lifc1oz.3q], ContactData [id=96, firstName=, lastName=testName-1483543042amurymxynwnudcupcdgc, email1=b3252ydrwdfozf@lifc1oz.3q], ContactData [id=97, firstName=, lastName=testName-1483543042amurymxynwnudcupcdgc, email1=b3252ydrwdfozf@lifc1oz.3q], ContactData [id=99, firstName=, lastName=testName-1483543042amurymxynwnudcupcdgc, email1=b3252ydrwdfozf@lifc1oz.3q], ContactData [id=89, firstName=testName-662863044yeekpxgexyrjrzxbqayy, lastName=testName-1734990798vgdukqikozqlevtgkkki, email1=v8n@x4mmp537dnkdgbrsjs.3y], ContactData [id=90, firstName=testName-662863044yeekpxgexyrjrzxbqayy, lastName=testName-1734990798vgdukqikozqlevtgkkki, email1=v8n@x4mmp537dnkdgbrsjs.3y], ContactData [id=92, firstName=testName-662863044yeekpxgexyrjrzxbqayy, lastName=testName-1734990798vgdukqikozqlevtgkkki, email1=v8n@x4mmp537dnkdgbrsjs.3y], ContactData [id=94, firstName=testName-662863044yeekpxgexyrjrzxbqayy, lastName=testName-1734990798vgdukqikozqlevtgkkki, email1=v8n@x4mmp537dnkdgbrsjs.3y], ContactData [id=95, firstName=testName-662863044yeekpxgexyrjrzxbqayy, lastName=testName-1734990798vgdukqikozqlevtgkkki, email1=v8n@x4mmp537dnkdgbrsjs.3y], ContactData [id=98, firstName=testName-662863044yeekpxgexyrjrzxbqayy, lastName=testName-1734990798vgdukqikozqlevtgkkki, email1=v8n@x4mmp537dnkdgbrsjs.3y], ContactData [id=null, firstName=testName-662863044yeekpxgexyrjrzxbqayy, lastName=testName-1734990798vgdukqikozqlevtgkkki, email1=v8n@x4mmp537dnkdgbrsjs.3y], ContactData [id=86, firstName=testName1513875977fhsglxxiwlnvcrrnwpwd, lastName=testName1133716067syjvpmboptmgxnfamfkw, email1=59wm0nc5@h1bt0z2reg8q4.ii], ContactData [id=87, firstName=testName1904302567lcxrcckkyzigikuemqix, lastName=, email1=43ujfbuwx3qbtbo@gz5phv.k1]]]]><![CDATA[>
     but: was <[ContactData [id=null, firstName=, lastName=testName1904302567lcxrcckkyzigikuemqix, email1=null], ContactData [id=null, firstName=testName-1002704647ebuuaiwmrcklhnhyconc, lastName=, email1=null], ContactData [id=null, firstName=testName-1483543042amurymxynwnudcupcdgc, lastName=, email1=null], ContactData [id=null, firstName=testName-1483543042amurymxynwnudcupcdgc, lastName=, email1=null], ContactData [id=null, firstName=testName-1483543042amurymxynwnudcupcdgc, lastName=, email1=null], ContactData [id=null, firstName=testName-1483543042amurymxynwnudcupcdgc, lastName=, email1=null], ContactData [id=null, firstName=testName-1483543042amurymxynwnudcupcdgc, lastName=, email1=null], ContactData [id=null, firstName=testName-1734990798vgdukqikozqlevtgkkki, lastName=testName-662863044yeekpxgexyrjrzxbqayy, email1=null], ContactData [id=null, firstName=testName-1734990798vgdukqikozqlevtgkkki, lastName=testName-662863044yeekpxgexyrjrzxbqayy, email1=null], ContactData [id=null, firstName=testName-1734990798vgdukqikozqlevtgkkki, lastName=testName-662863044yeekpxgexyrjrzxbqayy, email1=null], ContactData [id=null, firstName=testName-1734990798vgdukqikozqlevtgkkki, lastName=testName-662863044yeekpxgexyrjrzxbqayy, email1=null], ContactData [id=null, firstName=testName-1734990798vgdukqikozqlevtgkkki, lastName=testName-662863044yeekpxgexyrjrzxbqayy, email1=null], ContactData [id=null, firstName=testName-1734990798vgdukqikozqlevtgkkki, lastName=testName-662863044yeekpxgexyrjrzxbqayy, email1=null], ContactData [id=null, firstName=testName-1734990798vgdukqikozqlevtgkkki, lastName=testName-662863044yeekpxgexyrjrzxbqayy, email1=null], ContactData [id=null, firstName=testName1133716067syjvpmboptmgxnfamfkw, lastName=testName1513875977fhsglxxiwlnvcrrnwpwd, email1=null]]]]><![CDATA[>
	at org.hamcrest.MatcherAssert.assertThat(MatcherAssert.java:20)
	at org.junit.Assert.assertThat(Assert.java:865)
	at org.junit.Assert.assertThat(Assert.java:832)
	at com.example.tests.ContactCreationTest.testNonEmptyContactCreation(ContactCreationTest.java:37)
	at sun.reflect.NativeMethodAccessorImpl.invoke0(Native Method)
	at sun.reflect.NativeMethodAccessorImpl.invoke(Unknown Source)
	at sun.reflect.DelegatingMethodAccessorImpl.invoke(Unknown Source)
	at java.lang.reflect.Method.invoke(Unknown Source)
	at org.testng.internal.MethodInvocationHelper.invokeMethod(MethodInvocationHelper.java:84)
	at org.testng.internal.Invoker.invokeMethod(Invoker.java:714)
	at org.testng.internal.Invoker.invokeTestMethod(Invoker.java:901)
	at org.testng.internal.Invoker.invokeTestMethods(Invoker.java:1231)
	at org.testng.internal.TestMethodWorker.invokeTestMethods(TestMethodWorker.java:127)
	at org.testng.internal.TestMethodWorker.run(TestMethodWorker.java:111)
	at org.testng.TestRunner.privateRun(TestRunner.java:767)
	at org.testng.TestRunner.run(TestRunner.java:617)
	at org.testng.SuiteRunner.runTest(SuiteRunner.java:334)
	at org.testng.SuiteRunner.runSequentially(SuiteRunner.java:329)
	at org.testng.SuiteRunner.privateRun(SuiteRunner.java:291)
	at org.testng.SuiteRunner.run(SuiteRunner.java:240)
	at org.testng.SuiteRunnerWorker.runSuite(SuiteRunnerWorker.java:52)
	at org.testng.SuiteRunnerWorker.run(SuiteRunnerWorker.java:86)
	at org.testng.TestNG.runSuitesSequentially(TestNG.java:1224)
	at org.testng.TestNG.runSuitesLocally(TestNG.java:1149)
	at org.testng.TestNG.run(TestNG.java:1057)
	at org.testng.remote.RemoteTestNG.run(RemoteTestNG.java:111)
	at org.testng.remote.RemoteTestNG.initAndRun(RemoteTestNG.java:204)
	at org.testng.remote.RemoteTestNG.main(RemoteTestNG.java:175)
]]>
    </error>
  </testcase> <!-- testNonEmptyContactCreation -->
</testsuite> <!-- com.example.tests.ContactCreationTest -->
