<?xml version="1.0" encoding="UTF-8"?>
<!-- Generated by org.testng.reporters.JUnitReportReporter -->
<testsuite hostname="Mira-PC" name="com.example.tests.TestContactCreation" tests="1" failures="0" timestamp="28 Sep 2014 14:42:54 GMT" time="7.178" errors="0">
  <testcase name="shouldCreateContactWithValidData" time="7.178" classname="com.example.tests.TestContactCreation"/>
</testsuite> <!-- com.example.tests.TestContactCreation -->
