<?xml version="1.0" encoding="UTF-8"?>
<!-- Generated by org.testng.reporters.JUnitReportReporter -->
<testsuite hostname="Mira-PC" name="com.example.tests.ContactModificationTest" tests="1" failures="0" timestamp="11 Aug 2014 19:27:21 GMT" time="1.888" errors="0">
  <testcase name="modifySomeContact" time="1.888" classname="com.example.tests.ContactModificationTest"/>
</testsuite> <!-- com.example.tests.ContactModificationTest -->
