<?xml version="1.0" encoding="UTF-8"?>
<!-- Generated by org.testng.reporters.JUnitReportReporter -->
<testsuite hostname="Mira-PC" name="com.example.tests.GroupCreationTests" tests="2" failures="0" timestamp="3 Aug 2014 11:12:56 GMT" time="4.096" errors="0">
  <testcase name="testNonEmptyGroupCreation" time="2.223" classname="com.example.tests.GroupCreationTests"/>
  <testcase name="testEmptyGroupCreation" time="1.873" classname="com.example.tests.GroupCreationTests"/>
</testsuite> <!-- com.example.tests.GroupCreationTests -->
