<?xml version="1.0" encoding="UTF-8"?>
<!-- Generated by org.testng.reporters.JUnitReportReporter -->
<testsuite hostname="Mira-PC" name="com.example.tests.GroupRemovalTests" tests="1" failures="0" timestamp="7 Sep 2014 11:15:26 GMT" time="0.848" errors="0">
  <testcase name="deleteSomeGroup" time="0.848" classname="com.example.tests.GroupRemovalTests"/>
</testsuite> <!-- com.example.tests.GroupRemovalTests -->
