<?xml version="1.0" encoding="UTF-8"?>
<!-- Generated by org.testng.reporters.JUnitReportReporter -->
<testsuite hostname="Mira-PC" name="com.example.tests.ContactRemovalTest" tests="1" failures="0" timestamp="11 Aug 2014 18:00:31 GMT" time="0.909" errors="0">
  <testcase name="deleteSomeContact" time="0.909" classname="com.example.tests.ContactRemovalTest"/>
</testsuite> <!-- com.example.tests.ContactRemovalTest -->
