<?xml version="1.0" encoding="UTF-8"?>
<!-- Generated by org.testng.reporters.JUnitReportReporter -->
<testsuite hostname="Mira-PC" name="com.example.tests.GroupModificationTest" tests="2" failures="0" timestamp="7 Sep 2014 11:15:05 GMT" time="3.441" errors="0">
  <testcase name="modifyGroup" time="1.956" classname="com.example.tests.GroupModificationTest"/>
  <testcase name="modifyGroup" time="1.485" classname="com.example.tests.GroupModificationTest"/>
</testsuite> <!-- com.example.tests.GroupModificationTest -->
