<?xml version="1.0" encoding="UTF-8"?>
<!-- Generated by org.testng.reporters.JUnitReportReporter -->
<testsuite hostname="Mira-PC" name="com.example.tests.ContactCreationTest" tests="1" failures="0" timestamp="3 Aug 2014 11:12:56 GMT" time="2.070" errors="0">
  <testcase name="testNonEmptyContactCreation" time="2.070" classname="com.example.tests.ContactCreationTest"/>
</testsuite> <!-- com.example.tests.ContactCreationTest -->
