<?xml version="1.0" encoding="UTF-8"?>
<!-- Generated by org.testng.reporters.JUnitReportReporter -->
<testsuite hostname="Mira-PC" name="com.example.tests.ContactModificationTest" tests="2" failures="0" timestamp="28 Aug 2014 17:24:25 GMT" time="9.882" errors="0">
  <testcase name="modifySomeContactViaEdit" time="4.645" classname="com.example.tests.ContactModificationTest"/>
  <testcase name="modifySomeContactViaEdit" time="5.237" classname="com.example.tests.ContactModificationTest"/>
</testsuite> <!-- com.example.tests.ContactModificationTest -->
