<?xml version="1.0" encoding="UTF-8"?>
<!-- Generated by org.testng.reporters.JUnitReportReporter -->
<testsuite hostname="Mira-PC" name="com.example.tests.ContactRemovalTest" tests="1" failures="0" timestamp="28 Aug 2014 17:33:24 GMT" time="31.307" errors="0">
  <testcase name="deleteSomeContact" time="31.307" classname="com.example.tests.ContactRemovalTest"/>
</testsuite> <!-- com.example.tests.ContactRemovalTest -->
