<?xml version="1.0" encoding="UTF-8"?>
<!-- Generated by org.testng.reporters.JUnitReportReporter -->
<testsuite hostname="Mira-PC" name="com.example.tests.ContactCreationTest" tests="2" failures="0" timestamp="28 Aug 2014 17:23:46 GMT" time="8.312" errors="0">
  <testcase name="testNonEmptyContactCreation" time="4.234" classname="com.example.tests.ContactCreationTest"/>
  <testcase name="testNonEmptyContactCreation" time="4.078" classname="com.example.tests.ContactCreationTest"/>
</testsuite> <!-- com.example.tests.ContactCreationTest -->
