<?xml version="1.0" encoding="UTF-8"?>
<!-- Generated by org.testng.reporters.JUnitReportReporter -->
<testsuite hostname="Mira-PC" name="com.example.tests.GroupModificationTest" tests="1" failures="0" timestamp="10 Aug 2014 13:57:16 GMT" time="2.606" errors="0">
  <testcase name="modifyGroup" time="2.606" classname="com.example.tests.GroupModificationTest"/>
</testsuite> <!-- com.example.tests.GroupModificationTest -->
