<?xml version="1.0" encoding="UTF-8"?>
<!-- Generated by org.testng.reporters.JUnitReportReporter -->
<testsuite hostname="Mira-PC" name="com.example.tests.GroupCreationTests" tests="2" failures="0" timestamp="10 Aug 2014 19:13:32 GMT" time="3.197" errors="0">
  <testcase name="testNonEmptyGroupCreation" time="2.098" classname="com.example.tests.GroupCreationTests"/>
  <testcase name="testEmptyGroupCreation" time="1.099" classname="com.example.tests.GroupCreationTests"/>
</testsuite> <!-- com.example.tests.GroupCreationTests -->
