<?xml version="1.0" encoding="UTF-8"?>
<!-- Generated by org.testng.reporters.JUnitReportReporter -->
<testsuite hostname="Mira-PC" name="com.example.tests.ContactModificationTest" tests="2" failures="0" timestamp="11 Aug 2014 20:12:41 GMT" time="2.901" errors="0">
  <testcase name="modifySomeContactViaEdit" time="1.066" classname="com.example.tests.ContactModificationTest"/>
  <testcase name="modifySomeContactViaDetails" time="1.835" classname="com.example.tests.ContactModificationTest"/>
</testsuite> <!-- com.example.tests.ContactModificationTest -->
