<?xml version="1.0" encoding="UTF-8"?>
<!-- Generated by org.testng.reporters.JUnitReportReporter -->
<testsuite hostname="Mira-PC" name="com.example.tests.GroupRemovalTests" tests="1" failures="0" timestamp="10 Aug 2014 13:33:45 GMT" time="1.535" errors="0">
  <testcase name="deleteSomeGroup" time="1.535" classname="com.example.tests.GroupRemovalTests"/>
</testsuite> <!-- com.example.tests.GroupRemovalTests -->
