<?xml version="1.0" encoding="UTF-8"?>
<!-- Generated by org.testng.reporters.JUnitReportReporter -->
<testsuite hostname="Mira-PC" name="com.example.tests.GroupModificationTest" tests="5" failures="0" timestamp="31 Aug 2014 17:52:45 GMT" time="37.556" errors="0">
  <testcase name="modifyGroup" time="1.149" classname="com.example.tests.GroupModificationTest"/>
  <testcase name="modifyGroup" time="1.293" classname="com.example.tests.GroupModificationTest"/>
  <testcase name="modifyGroup" time="31.858" classname="com.example.tests.GroupModificationTest"/>
  <testcase name="modifyGroup" time="1.586" classname="com.example.tests.GroupModificationTest"/>
  <testcase name="modifyGroup" time="1.670" classname="com.example.tests.GroupModificationTest"/>
</testsuite> <!-- com.example.tests.GroupModificationTest -->
