<?xml version="1.0" encoding="UTF-8"?>
<!-- Generated by org.testng.reporters.JUnitReportReporter -->
<testsuite hostname="Mira-PC" name="com.example.tests.GroupModificationTest" tests="1" failures="0" timestamp="26 Aug 2014 15:34:57 GMT" time="2.293" errors="0">
  <testcase name="modifyGroup" time="2.293" classname="com.example.tests.GroupModificationTest"/>
</testsuite> <!-- com.example.tests.GroupModificationTest -->
