<?xml version="1.0" encoding="UTF-8"?>
<!-- Generated by org.testng.reporters.JUnitReportReporter -->
<testsuite hostname="Mira-PC" name="com.example.tests.GroupRemovalTests" tests="1" failures="0" timestamp="31 Aug 2014 17:53:36 GMT" time="31.469" errors="0">
  <testcase name="deleteSomeGroup" time="31.469" classname="com.example.tests.GroupRemovalTests"/>
</testsuite> <!-- com.example.tests.GroupRemovalTests -->
