<?xml version="1.0" encoding="UTF-8"?>
<!-- Generated by org.testng.reporters.JUnitReportReporter -->
<testsuite hostname="Mira-PC" name="com.example.tests.ContactModificationTest" tests="1" failures="0" timestamp="11 Aug 2014 18:42:06 GMT" time="1.726" errors="0">
  <testcase name="modifySomeContact" time="1.726" classname="com.example.tests.ContactModificationTest"/>
</testsuite> <!-- com.example.tests.ContactModificationTest -->
