<?xml version="1.0" encoding="UTF-8"?>
<!-- Generated by org.testng.reporters.JUnitReportReporter -->
<testsuite hostname="Mira-PC" name="com.example.tests.DublicateOfGroupCreationTests" tests="2" failures="0" timestamp="3 Aug 2014 11:07:37 GMT" time="2.713" errors="0">
  <testcase name="testNonEmptyGroupCreation" time="1.323" classname="com.example.tests.DublicateOfGroupCreationTests"/>
  <testcase name="testEmptyGroupCreation" time="1.390" classname="com.example.tests.DublicateOfGroupCreationTests"/>
</testsuite> <!-- com.example.tests.DublicateOfGroupCreationTests -->
