<?xml version="1.0" encoding="UTF-8"?>
<!-- Generated by org.testng.reporters.JUnitReportReporter -->
<testsuite hostname="Mira-PC" name="com.example.tests.GroupCreationTests" tests="2" failures="0" timestamp="8 Sep 2014 12:58:13 GMT" time="3.090" errors="0">
  <testcase name="testGroupCreationWithValidData" time="2.096" classname="com.example.tests.GroupCreationTests"/>
  <testcase name="testGroupCreationWithValidData" time="0.994" classname="com.example.tests.GroupCreationTests"/>
</testsuite> <!-- com.example.tests.GroupCreationTests -->
