<?xml version="1.0" encoding="UTF-8"?>
<!-- Generated by org.testng.reporters.JUnitReportReporter -->
<testsuite hostname="Mira-PC" name="com.example.tests.ContactCreationTest" tests="1" failures="0" timestamp="11 Aug 2014 20:12:24 GMT" time="3.561" errors="0">
  <testcase name="testNonEmptyContactCreation" time="3.561" classname="com.example.tests.ContactCreationTest"/>
</testsuite> <!-- com.example.tests.ContactCreationTest -->
